<?xml version="1.0" encoding="UTF-8"?>
<coverage generated="1627498601155" clover="3.2.0">
  <project timestamp="1627498601155" name="All files">
    <metrics statements="6" coveredstatements="6" conditionals="0" coveredconditionals="0" methods="4" coveredmethods="3" elements="10" coveredelements="9" complexity="0" loc="6" ncloc="6" packages="1" files="1" classes="1"/>
    <file name="eureka_gameClass.js" path="/Users/arturoalvarez/Documents/Microverse/Main Curriculum/JS/Leaderboard-Eureka-JS/src/app/logic/eureka_gameClass.js">
      <metrics statements="6" coveredstatements="6" conditionals="0" coveredconditionals="0" methods="4" coveredmethods="3"/>
      <line num="3" count="5" type="stmt"/>
      <line num="4" count="5" type="stmt"/>
      <line num="7" count="5" type="stmt"/>
      <line num="9" count="5" type="stmt"/>
      <line num="11" count="5" type="stmt"/>
      <line num="12" count="1" type="stmt"/>
    </file>
  </project>
</coverage>
