{"/Users/arturoalvarez/Documents/Microverse/Main Curriculum/JS/Leaderboard-Eureka-JS/src/app/logic/eureka_gameClass.js": {"path":"/Users/arturoalvarez/Documents/Microverse/Main Curriculum/JS/Leaderboard-Eureka-JS/src/app/logic/eureka_gameClass.js","statementMap":{"0":{"start":{"line":3,"column":4},"end":{"line":3,"column":85}},"1":{"start":{"line":3,"column":48},"end":{"line":3,"column":85}},"2":{"start":{"line":4,"column":4},"end":{"line":4,"column":21}},"3":{"start":{"line":5,"column":4},"end":{"line":5,"column":17}},"4":{"start":{"line":6,"column":4},"end":{"line":6,"column":21}},"5":{"start":{"line":9,"column":12},"end":{"line":9,"column":27}},"6":{"start":{"line":9,"column":18},"end":{"line":9,"column":27}},"7":{"start":{"line":11,"column":14},"end":{"line":11,"column":31}},"8":{"start":{"line":11,"column":20},"end":{"line":11,"column":31}},"9":{"start":{"line":13,"column":13},"end":{"line":15,"column":3}},"10":{"start":{"line":14,"column":4},"end":{"line":14,"column":47}}},"fnMap":{"0":{"name":"(anonymous_0)","decl":{"start":{"line":2,"column":2},"end":{"line":2,"column":3}},"loc":{"start":{"line":2,"column":49},"end":{"line":7,"column":3}},"line":2},"1":{"name":"(anonymous_1)","decl":{"start":{"line":9,"column":12},"end":{"line":9,"column":13}},"loc":{"start":{"line":9,"column":18},"end":{"line":9,"column":27}},"line":9},"2":{"name":"(anonymous_2)","decl":{"start":{"line":11,"column":14},"end":{"line":11,"column":15}},"loc":{"start":{"line":11,"column":20},"end":{"line":11,"column":31}},"line":11},"3":{"name":"(anonymous_3)","decl":{"start":{"line":13,"column":13},"end":{"line":13,"column":14}},"loc":{"start":{"line":13,"column":27},"end":{"line":15,"column":3}},"line":13}},"branchMap":{"0":{"loc":{"start":{"line":2,"column":14},"end":{"line":2,"column":30}},"type":"default-arg","locations":[{"start":{"line":2,"column":21},"end":{"line":2,"column":30}}],"line":2},"1":{"loc":{"start":{"line":2,"column":32},"end":{"line":2,"column":46}},"type":"default-arg","locations":[{"start":{"line":2,"column":37},"end":{"line":2,"column":46}}],"line":2},"2":{"loc":{"start":{"line":3,"column":4},"end":{"line":3,"column":85}},"type":"if","locations":[{"start":{"line":3,"column":4},"end":{"line":3,"column":85}},{"start":{"line":3,"column":4},"end":{"line":3,"column":85}}],"line":3},"3":{"loc":{"start":{"line":3,"column":8},"end":{"line":3,"column":46}},"type":"binary-expr","locations":[{"start":{"line":3,"column":8},"end":{"line":3,"column":24}},{"start":{"line":3,"column":28},"end":{"line":3,"column":46}}],"line":3}},"s":{"0":8,"1":2,"2":6,"3":6,"4":6,"5":8,"6":1,"7":8,"8":0,"9":8,"10":3},"f":{"0":8,"1":1,"2":0,"3":3},"b":{"0":[1],"1":[2],"2":[2,6],"3":[8,6]},"_coverageSchema":"1a1c01bbd47fc00a2c39e90264f33305004495a9","hash":"0ce94cd09d9260fa3d26ddc447b4e65fa3b70de5"}
,"/Users/arturoalvarez/Documents/Microverse/Main Curriculum/JS/Leaderboard-Eureka-JS/src/app/logic/leaderboard_API_methods.js": {"path":"/Users/arturoalvarez/Documents/Microverse/Main Curriculum/JS/Leaderboard-Eureka-JS/src/app/logic/leaderboard_API_methods.js","statementMap":{"0":{"start":{"line":6,"column":4},"end":{"line":6,"column":27}},"1":{"start":{"line":7,"column":4},"end":{"line":7,"column":20}},"2":{"start":{"line":10,"column":18},"end":{"line":22,"column":3}},"3":{"start":{"line":11,"column":4},"end":{"line":21,"column":28}},"4":{"start":{"line":20,"column":26},"end":{"line":20,"column":41}},"5":{"start":{"line":21,"column":22},"end":{"line":21,"column":26}}},"fnMap":{"0":{"name":"(anonymous_0)","decl":{"start":{"line":5,"column":2},"end":{"line":5,"column":3}},"loc":{"start":{"line":5,"column":23},"end":{"line":8,"column":3}},"line":5},"1":{"name":"(anonymous_1)","decl":{"start":{"line":10,"column":18},"end":{"line":10,"column":19}},"loc":{"start":{"line":10,"column":32},"end":{"line":22,"column":3}},"line":10},"2":{"name":"(anonymous_2)","decl":{"start":{"line":20,"column":12},"end":{"line":20,"column":13}},"loc":{"start":{"line":20,"column":26},"end":{"line":20,"column":41}},"line":20},"3":{"name":"(anonymous_3)","decl":{"start":{"line":21,"column":12},"end":{"line":21,"column":13}},"loc":{"start":{"line":21,"column":22},"end":{"line":21,"column":26}},"line":21}},"branchMap":{},"s":{"0":1,"1":1,"2":1,"3":1,"4":0,"5":0},"f":{"0":1,"1":1,"2":0,"3":0},"b":{},"_coverageSchema":"1a1c01bbd47fc00a2c39e90264f33305004495a9","hash":"3590bef8fcba2c1fe383f58e4f81a7d69d301e89"}
}
