{"/Users/arturoalvarez/Documents/Microverse/Main Curriculum/JS/Leaderboard-Eureka-JS/src/app/logic/eureka_gameClass.js": {"path":"/Users/arturoalvarez/Documents/Microverse/Main Curriculum/JS/Leaderboard-Eureka-JS/src/app/logic/eureka_gameClass.js","statementMap":{"0":{"start":{"line":3,"column":4},"end":{"line":3,"column":85}},"1":{"start":{"line":3,"column":48},"end":{"line":3,"column":85}},"2":{"start":{"line":4,"column":4},"end":{"line":4,"column":21}},"3":{"start":{"line":5,"column":4},"end":{"line":5,"column":17}},"4":{"start":{"line":6,"column":4},"end":{"line":6,"column":21}},"5":{"start":{"line":9,"column":12},"end":{"line":9,"column":27}},"6":{"start":{"line":9,"column":18},"end":{"line":9,"column":27}},"7":{"start":{"line":11,"column":14},"end":{"line":11,"column":31}},"8":{"start":{"line":11,"column":20},"end":{"line":11,"column":31}},"9":{"start":{"line":13,"column":13},"end":{"line":15,"column":3}},"10":{"start":{"line":14,"column":4},"end":{"line":14,"column":47}},"11":{"start":{"line":17,"column":17},"end":{"line":19,"column":3}},"12":{"start":{"line":18,"column":4},"end":{"line":18,"column":28}}},"fnMap":{"0":{"name":"(anonymous_0)","decl":{"start":{"line":2,"column":2},"end":{"line":2,"column":3}},"loc":{"start":{"line":2,"column":48},"end":{"line":7,"column":3}},"line":2},"1":{"name":"(anonymous_1)","decl":{"start":{"line":9,"column":12},"end":{"line":9,"column":13}},"loc":{"start":{"line":9,"column":18},"end":{"line":9,"column":27}},"line":9},"2":{"name":"(anonymous_2)","decl":{"start":{"line":11,"column":14},"end":{"line":11,"column":15}},"loc":{"start":{"line":11,"column":20},"end":{"line":11,"column":31}},"line":11},"3":{"name":"(anonymous_3)","decl":{"start":{"line":13,"column":13},"end":{"line":13,"column":14}},"loc":{"start":{"line":13,"column":27},"end":{"line":15,"column":3}},"line":13},"4":{"name":"(anonymous_4)","decl":{"start":{"line":17,"column":17},"end":{"line":17,"column":18}},"loc":{"start":{"line":17,"column":32},"end":{"line":19,"column":3}},"line":17}},"branchMap":{"0":{"loc":{"start":{"line":2,"column":14},"end":{"line":2,"column":30}},"type":"default-arg","locations":[{"start":{"line":2,"column":21},"end":{"line":2,"column":30}}],"line":2},"1":{"loc":{"start":{"line":2,"column":32},"end":{"line":2,"column":46}},"type":"default-arg","locations":[{"start":{"line":2,"column":37},"end":{"line":2,"column":46}}],"line":2},"2":{"loc":{"start":{"line":3,"column":4},"end":{"line":3,"column":85}},"type":"if","locations":[{"start":{"line":3,"column":4},"end":{"line":3,"column":85}},{"start":{"line":3,"column":4},"end":{"line":3,"column":85}}],"line":3},"3":{"loc":{"start":{"line":3,"column":8},"end":{"line":3,"column":46}},"type":"binary-expr","locations":[{"start":{"line":3,"column":8},"end":{"line":3,"column":24}},{"start":{"line":3,"column":28},"end":{"line":3,"column":46}}],"line":3}},"s":{"0":9,"1":2,"2":7,"3":7,"4":7,"5":9,"6":1,"7":9,"8":0,"9":9,"10":3,"11":9,"12":1},"f":{"0":9,"1":1,"2":0,"3":3,"4":1},"b":{"0":[1],"1":[2],"2":[2,7],"3":[9,7]},"_coverageSchema":"1a1c01bbd47fc00a2c39e90264f33305004495a9","hash":"2dbcbfaa013cfb2959cc385bb2ff56460da00066"}
}
