TN:
SF:src/app/logic/eureka_gameClass.js
FN:2,(anonymous_0)
FN:9,(anonymous_1)
FN:11,(anonymous_2)
FN:13,(anonymous_3)
FNF:4
FNH:3
FNDA:8,(anonymous_0)
FNDA:1,(anonymous_1)
FNDA:0,(anonymous_2)
FNDA:3,(anonymous_3)
DA:3,8
DA:4,6
DA:5,6
DA:6,6
DA:9,8
DA:11,8
DA:13,8
DA:14,3
LF:8
LH:8
BRDA:2,0,0,1
BRDA:2,1,0,2
BRDA:3,2,0,2
BRDA:3,2,1,6
BRDA:3,3,0,8
BRDA:3,3,1,6
BRF:6
BRH:6
end_of_record
TN:
SF:src/app/logic/leaderboard_API_methods.js
FN:5,(anonymous_0)
FN:10,(anonymous_1)
FN:20,(anonymous_2)
FN:21,(anonymous_3)
FNF:4
FNH:2
FNDA:1,(anonymous_0)
FNDA:1,(anonymous_1)
FNDA:0,(anonymous_2)
FNDA:0,(anonymous_3)
DA:6,1
DA:7,1
DA:10,1
DA:11,1
DA:20,0
DA:21,0
LF:6
LH:4
BRF:0
BRH:0
end_of_record
